proguard-project.txt
# To enable ProGuard in your project, edit project.properties
# to define the proguard.config property as described in that file.
#
# Add project specific ProGuard rules here.
# By default, the flags in this file are appended to flags specified
# in ${sdk.dir}/tools/proguard/proguard-android.txt
# You can edit the include path and order by changing the ProGuard
# include property in project.properties.
#
# For more details, see
#   http://developer.android.com/guide/developing/tools/proguard.html
# Add any project specific keep options here:
# If your project uses WebView with JS, uncomment the following
# and specify the fully qualified class name to the JavaScript interface
# class:
#-keepclassmembers class fqcn.of.javascript.interface.for.webview {
#   public *;
#}

##---------------Begin: proguard configuration for Gson  ----------
# Gson uses generic type information stored in a class file when working with fields. Proguard
# removes such information by default, so configure it to keep all of it.
-keepattributes Signature

# For using GSON @Expose annotation
-keepattributes *Annotation*

# Gson specific classes
-keep class sun.misc.Unsafe { *; }
-keep class com.google.gson.stream.** { *; }

# Application classes that will be serialized/deserialized over Gson
#-keep class cn.edu.sdu.online.utils.** { *; }

##---------------End: proguard configuration for Gson  ----------

-keepclassmembers class * {
   public <init>(org.json.JSONObject);
}

-keep public class cn.edu.sdu.online.R$*{
    public static final int *;
}

-keep public class com.umeng.fb.ui.ThreadView {
}

##-----------------start--------------------------
-keep class com.actionbarsherlock.**{ *;}
-keep class com.handmark.pulltorefresh.**{*;}
-keep class com.slidingmenu.**{*;}
##-keepclassmembers class cn.edu.sdu.online.fragment.**{*;}
##-keepclassmembers class cn.edu.sdu.online.fragment.**{*;}
##-keep class cn.edu.sdu.online.app.** { *; }
-keep class cn.edu.sdu.online.modal.** { *; }

-libraryjars   libs/android-support-v4.jar
-dontwarn android.support.v4.**    
-keep class android.support.v4.** { *; }  
-keep interface android.support.v4.app.** { *; }  
-keep public class * extends android.support.v4.**  

##-----------------end--------------------------