proguard/seeds.txt
cn.edu.sdu.online.R$anim
cn.edu.sdu.online.R$anim: int left_push_in
cn.edu.sdu.online.R$anim: int left_push_out
cn.edu.sdu.online.R$anim: int right_push_in
cn.edu.sdu.online.R$anim: int right_push_out
cn.edu.sdu.online.R$anim: int umeng_fb_slide_in_from_left
cn.edu.sdu.online.R$anim: int umeng_fb_slide_in_from_right
cn.edu.sdu.online.R$anim: int umeng_fb_slide_out_from_left
cn.edu.sdu.online.R$anim: int umeng_fb_slide_out_from_right
cn.edu.sdu.online.R$attr
cn.edu.sdu.online.R$attr: int actionBarDivider
cn.edu.sdu.online.R$attr: int actionBarItemBackground
cn.edu.sdu.online.R$attr: int actionBarSize
cn.edu.sdu.online.R$attr: int actionBarSplitStyle
cn.edu.sdu.online.R$attr: int actionBarStyle
cn.edu.sdu.online.R$attr: int actionBarTabBarStyle
cn.edu.sdu.online.R$attr: int actionBarTabStyle
cn.edu.sdu.online.R$attr: int actionBarTabTextStyle
cn.edu.sdu.online.R$attr: int actionBarWidgetTheme
cn.edu.sdu.online.R$attr: int actionButtonStyle
cn.edu.sdu.online.R$attr: int actionDropDownStyle
cn.edu.sdu.online.R$attr: int actionMenuTextAppearance
cn.edu.sdu.online.R$attr: int actionMenuTextColor
cn.edu.sdu.online.R$attr: int actionModeBackground
cn.edu.sdu.online.R$attr: int actionModeCloseButtonStyle
cn.edu.sdu.online.R$attr: int actionModeCloseDrawable
cn.edu.sdu.online.R$attr: int actionModePopupWindowStyle
cn.edu.sdu.online.R$attr: int actionModeShareDrawable
cn.edu.sdu.online.R$attr: int actionModeSplitBackground
cn.edu.sdu.online.R$attr: int actionModeStyle
cn.edu.sdu.online.R$attr: int actionOverflowButtonStyle
cn.edu.sdu.online.R$attr: int actionSpinnerItemStyle
cn.edu.sdu.online.R$attr: int activatedBackgroundIndicator
cn.edu.sdu.online.R$attr: int activityChooserViewStyle
cn.edu.sdu.online.R$attr: int aspect
cn.edu.sdu.online.R$attr: int background
cn.edu.sdu.online.R$attr: int backgroundSplit
cn.edu.sdu.online.R$attr: int backgroundStacked
cn.edu.sdu.online.R$bool
cn.edu.sdu.online.R$bool: int abs__action_bar_embed_tabs
cn.edu.sdu.online.R$bool: int abs__action_bar_expanded_action_views_exclusive
cn.edu.sdu.online.R$bool: int abs__config_actionMenuItemAllCaps
cn.edu.sdu.online.R$bool: int abs__config_allowActionMenuItemTextWithIcon
cn.edu.sdu.online.R$bool: int abs__config_showMenuShortcutsWhenKeyboardPresent
cn.edu.sdu.online.R$bool: int abs__split_action_bar_is_narrow
cn.edu.sdu.online.R$color
cn.edu.sdu.online.R$color: int abs__background_holo_dark
cn.edu.sdu.online.R$color: int abs__background_holo_light
cn.edu.sdu.online.R$color: int abs__bright_foreground_disabled_holo_dark
cn.edu.sdu.online.R$color: int abs__bright_foreground_disabled_holo_light
cn.edu.sdu.online.R$color: int abs__bright_foreground_holo_dark
cn.edu.sdu.online.R$color: int abs__bright_foreground_holo_light
cn.edu.sdu.online.R$color: int abs__primary_text_disable_only_holo_dark
cn.edu.sdu.online.R$color: int abs__primary_text_disable_only_holo_light
cn.edu.sdu.online.R$color: int abs__primary_text_holo_dark
cn.edu.sdu.online.R$color: int abs__primary_text_holo_light
cn.edu.sdu.online.R$color: int umeng_fb_color_btn_normal
cn.edu.sdu.online.R$color: int umeng_fb_color_btn_pressed
...
android.support.v4.widget.EdgeEffectCompat$EdgeEffectImpl
android.support.v4.widget.EdgeEffectCompat$EdgeEffectImpl: java.lang.Object newEdgeEffect(android.content.Context)
android.support.v4.widget.EdgeEffectCompat$EdgeEffectImpl: void setSize(java.lang.Object,int,int)
android.support.v4.widget.EdgeEffectCompat$EdgeEffectImpl: boolean isFinished(java.lang.Object)
android.support.v4.widget.EdgeEffectCompat$EdgeEffectImpl: void finish(java.lang.Object)
android.support.v4.widget.EdgeEffectCompat$EdgeEffectImpl: boolean onPull(java.lang.Object,float)
android.support.v4.widget.EdgeEffectCompat$EdgeEffectImpl: boolean onRelease(java.lang.Object)
android.support.v4.widget.EdgeEffectCompat$EdgeEffectImpl: boolean onAbsorb(java.lang.Object,int)
android.support.v4.widget.EdgeEffectCompat$EdgeEffectImpl: boolean draw(java.lang.Object,android.graphics.Canvas)
android.support.v4.widget.EdgeEffectCompatIcs
android.support.v4.widget.EdgeEffectCompatIcs: EdgeEffectCompatIcs()
android.support.v4.widget.EdgeEffectCompatIcs: java.lang.Object newEdgeEffect(android.content.Context)
android.support.v4.widget.EdgeEffectCompatIcs: void setSize(java.lang.Object,int,int)
android.support.v4.widget.EdgeEffectCompatIcs: boolean isFinished(java.lang.Object)
android.support.v4.widget.EdgeEffectCompatIcs: void finish(java.lang.Object)
android.support.v4.widget.EdgeEffectCompatIcs: boolean onPull(java.lang.Object,float)
android.support.v4.widget.EdgeEffectCompatIcs: boolean onRelease(java.lang.Object)
android.support.v4.widget.EdgeEffectCompatIcs: boolean onAbsorb(java.lang.Object,int)
android.support.v4.widget.EdgeEffectCompatIcs: boolean draw(java.lang.Object,android.graphics.Canvas)
android.support.v4.widget.ExploreByTouchHelper
android.support.v4.widget.ExploreByTouchHelper: int INVALID_ID
android.support.v4.widget.ExploreByTouchHelper: java.lang.String DEFAULT_CLASS_NAME
android.support.v4.widget.ExploreByTouchHelper: android.graphics.Rect mTempScreenRect
android.support.v4.widget.ExploreByTouchHelper: android.graphics.Rect mTempParentRect
android.support.v4.widget.ExploreByTouchHelper: android.graphics.Rect mTempVisibleRect
android.support.v4.widget.ExploreByTouchHelper: int[] mTempGlobalRect
android.support.v4.widget.ExploreByTouchHelper: android.view.accessibility.AccessibilityManager mManager
android.support.v4.widget.ExploreByTouchHelper: android.view.View mView
android.support.v4.widget.ExploreByTouchHelper: android.support.v4.widget.ExploreByTouchHelper$ExploreByTouchNodeProvider mNodeProvider
android.support.v4.widget.ExploreByTouchHelper: int mFocusedVirtualViewId
android.support.v4.widget.ExploreByTouchHelper: int mHoveredVirtualViewId
android.support.v4.widget.ExploreByTouchHelper: ExploreByTouchHelper(android.view.View)
android.support.v4.widget.ExploreByTouchHelper: android.support.v4.view.accessibility.AccessibilityNodeProviderCompat getAccessibilityNodeProvider(android.view.View)
android.support.v4.widget.ExploreByTouchHelper: boolean dispatchHoverEvent(android.view.MotionEvent)
android.support.v4.widget.ExploreByTouchHelper: boolean sendEventForVirtualView(int,int)
android.support.v4.widget.ExploreByTouchHelper$1