proguard/mapping.txt
cn.edu.sdu.online.R -> cn.edu.sdu.online.R:
cn.edu.sdu.online.R$anim -> cn.edu.sdu.online.R$anim:
    int left_push_in -> left_push_in
    int left_push_out -> left_push_out
    int right_push_in -> right_push_in
    int right_push_out -> right_push_out
    int umeng_fb_slide_in_from_left -> umeng_fb_slide_in_from_left
    int umeng_fb_slide_in_from_right -> umeng_fb_slide_in_from_right
    int umeng_fb_slide_out_from_left -> umeng_fb_slide_out_from_left
    int umeng_fb_slide_out_from_right -> umeng_fb_slide_out_from_right
cn.edu.sdu.online.R$attr -> cn.edu.sdu.online.R$attr:
    int actionBarDivider -> actionBarDivider
    int actionBarItemBackground -> actionBarItemBackground
    int actionBarSize -> actionBarSize
    int actionBarSplitStyle -> actionBarSplitStyle
    int actionBarStyle -> actionBarStyle
    int actionBarTabBarStyle -> actionBarTabBarStyle
    int actionBarTabStyle -> actionBarTabStyle
    int actionBarTabTextStyle -> actionBarTabTextStyle
    int actionBarWidgetTheme -> actionBarWidgetTheme
    int actionButtonStyle -> actionButtonStyle
    int actionDropDownStyle -> actionDropDownStyle
    int actionMenuTextAppearance -> actionMenuTextAppearance
    int actionMenuTextColor -> actionMenuTextColor
    int actionModeBackground -> actionModeBackground
    int actionModeCloseButtonStyle -> actionModeCloseButtonStyle
    int actionModeCloseDrawable -> actionModeCloseDrawable
    int actionModePopupWindowStyle -> actionModePopupWindowStyle
    int actionModeShareDrawable -> actionModeShareDrawable
    int actionModeSplitBackground -> actionModeSplitBackground
    int actionModeStyle -> actionModeStyle
    int actionOverflowButtonStyle -> actionOverflowButtonStyle
    int actionSpinnerItemStyle -> actionSpinnerItemStyle
    int activatedBackgroundIndicator -> activatedBackgroundIndicator
    int activityChooserViewStyle -> activityChooserViewStyle
    int aspect -> aspect
    int background -> background
    int backgroundSplit -> backgroundSplit
cn.edu.sdu.online.R$bool -> cn.edu.sdu.online.R$bool:
    int abs__action_bar_embed_tabs -> abs__action_bar_embed_tabs
    int abs__action_bar_expanded_action_views_exclusive -> abs__action_bar_expanded_action_views_exclusive
    int abs__config_actionMenuItemAllCaps -> abs__config_actionMenuItemAllCaps
    int abs__config_allowActionMenuItemTextWithIcon -> abs__config_allowActionMenuItemTextWithIcon
    int abs__config_showMenuShortcutsWhenKeyboardPresent -> abs__config_showMenuShortcutsWhenKeyboardPresent
    int abs__split_action_bar_is_narrow -> abs__split_action_bar_is_narrow
cn.edu.sdu.online.R$color -> cn.edu.sdu.online.R$color:
    int abs__background_holo_dark -> abs__background_holo_dark
    int abs__background_holo_light -> abs__background_holo_light
    int abs__bright_foreground_disabled_holo_dark -> abs__bright_foreground_disabled_holo_dark
    int abs__bright_foreground_disabled_holo_light -> abs__bright_foreground_disabled_holo_light
    int abs__bright_foreground_holo_dark -> abs__bright_foreground_holo_dark
    int abs__bright_foreground_holo_light -> abs__bright_foreground_holo_light
    int abs__primary_text_disable_only_holo_dark -> abs__primary_text_disable_only_holo_dark
    int abs__primary_text_disable_only_holo_light -> abs__primary_text_disable_only_holo_light
    int abs__primary_text_holo_dark -> abs__primary_text_holo_dark
    int abs__primary_text_holo_light -> abs__primary_text_holo_light
    int umeng_fb_color_btn_normal -> umeng_fb_color_btn_normal
    int umeng_fb_color_btn_pressed -> umeng_fb_color_btn_pressed
...
android.support.v4.view.ViewCompatICS -> android.support.v4.view.ViewCompatICS:
    boolean canScrollHorizontally(android.view.View,int) -> canScrollHorizontally
    boolean canScrollVertically(android.view.View,int) -> canScrollVertically
    void setAccessibilityDelegate(android.view.View,java.lang.Object) -> setAccessibilityDelegate
    void onPopulateAccessibilityEvent(android.view.View,android.view.accessibility.AccessibilityEvent) -> onPopulateAccessibilityEvent
    void onInitializeAccessibilityEvent(android.view.View,android.view.accessibility.AccessibilityEvent) -> onInitializeAccessibilityEvent
    void onInitializeAccessibilityNodeInfo(android.view.View,java.lang.Object) -> onInitializeAccessibilityNodeInfo
android.support.v4.view.ViewCompatJB -> android.support.v4.view.ViewCompatJB:
    boolean hasTransientState(android.view.View) -> hasTransientState
    void setHasTransientState(android.view.View,boolean) -> setHasTransientState
    void postInvalidateOnAnimation(android.view.View) -> postInvalidateOnAnimation
    void postInvalidateOnAnimation(android.view.View,int,int,int,int) -> postInvalidateOnAnimation
    void postOnAnimation(android.view.View,java.lang.Runnable) -> postOnAnimation
    void postOnAnimationDelayed(android.view.View,java.lang.Runnable,long) -> postOnAnimationDelayed
    int getImportantForAccessibility(android.view.View) -> getImportantForAccessibility
    void setImportantForAccessibility(android.view.View,int) -> setImportantForAccessibility
    boolean performAccessibilityAction(android.view.View,int,android.os.Bundle) -> performAccessibilityAction
    java.lang.Object getAccessibilityNodeProvider(android.view.View) -> getAccessibilityNodeProvider
    android.view.ViewParent getParentForAccessibility(android.view.View) -> getParentForAccessibility
android.support.v4.view.ViewCompatJellybeanMr1 -> android.support.v4.view.ViewCompatJellybeanMr1:
    int getLabelFor(android.view.View) -> getLabelFor
    void setLabelFor(android.view.View,int) -> setLabelFor
    void setLayerPaint(android.view.View,android.graphics.Paint) -> setLayerPaint
    int getLayoutDirection(android.view.View) -> getLayoutDirection
    void setLayoutDirection(android.view.View,int) -> setLayoutDirection
android.support.v4.view.ViewCompatKitKat -> android.support.v4.view.ViewCompatKitKat:
    int getAccessibilityLiveRegion(android.view.View) -> getAccessibilityLiveRegion
    void setAccessibilityLiveRegion(android.view.View,int) -> setAccessibilityLiveRegion
android.support.v4.view.ViewConfigurationCompat -> android.support.v4.view.ViewConfigurationCompat:
    android.support.v4.view.ViewConfigurationCompat$ViewConfigurationVersionImpl IMPL -> IMPL
    int getScaledPagingTouchSlop(android.view.ViewConfiguration) -> getScaledPagingTouchSlop
android.support.v4.view.ViewConfigurationCompat$BaseViewConfigurationVersionImpl -> android.support.v4.view.ViewConfigurationCompat$BaseViewConfigurationVersionImpl:
    int getScaledPagingTouchSlop(android.view.ViewConfiguration) -> getScaledPagingTouchSlop
android.support.v4.view.ViewConfigurationCompat$FroyoViewConfigurationVersionImpl -> android.support.v4.view.ViewConfigurationCompat$FroyoViewConfigurationVersionImpl:
    int getScaledPagingTouchSlop(android.view.ViewConfiguration) -> getScaledPagingTouchSlop
android.support.v4.view.ViewConfigurationCompat$ViewConfigurationVersionImpl -> android.support.v4.view.ViewConfigurationCompat$ViewConfigurationVersionImpl:
    int getScaledPagingTouchSlop(android.view.ViewConfiguration) -> getScaledPagingTouchSlop
android.support.v4.view.ViewConfigurationCompatFroyo -> android.support.v4.view.ViewConfigurationCompatFroyo:
    int getScaledPagingTouchSlop(android.view.ViewConfiguration) -> getScaledPagingTouchSlop