proguard/usage.txt
cn.edu.sdu.online.BuildConfig
cn.edu.sdu.online.R:
    10:10:public R()
cn.edu.sdu.online.app.Main:
    public static final java.lang.String STR_CURRICULUM
    public static final int INT_CURRICULUM
    public static final java.lang.String STR_SCORE
    public static final int INT_SCORE
    public static final java.lang.String STR_GRADE_POINT
    public static final int INT_GRADE_POINT
    public static final java.lang.String STR_ROOM
    public static final int INT_ROOM
    public static final java.lang.String STR_IMPORT
    public static final int INT_IMPORT
    public static final java.lang.String STR_INFO
    public static final int INT_INFO
    public static final int INT_ABOUT
    public static final java.lang.String STR_ABOUT
    public static final java.lang.String STR_PASSWORD
    public static final int INT_PASSWORD
    public static final java.lang.String STR_QUIT
    public static final int INT_QUIT
    public static final java.lang.String STR_CONSULT
    public static final int INT_CONSULT
cn.edu.sdu.online.app.MainActivity:
    246:247:public void setMenuAdapter(cn.edu.sdu.online.app.MainActivity$MenuAdapter)
    254:255:public void setMenuHandler(cn.edu.sdu.online.app.MainActivity$MenuHandler)
    342:342:public cn.edu.sdu.online.view.ActionBarListener getActionBarListener()
cn.edu.sdu.online.fragment_second.EditInformation:
    android.widget.Button save
cn.edu.sdu.online.fragment_second.LockFragment:
    private static final java.lang.String TAG
cn.edu.sdu.online.fragment_second.LockSetup:
    private static final int STEP_1
    private static final int STEP_2
    private static final int STEP_3
    private static final int STEP_4
    com.actionbarsherlock.view.Menu menu
cn.edu.sdu.online.fragment_second.SignFragment:
    boolean ifGetRank
    93:98:private void ButtonifEnable()
cn.edu.sdu.online.fragments_first.ConsultCenter:
    java.util.List views
cn.edu.sdu.online.fragments_first.CourseImport:
    android.widget.LinearLayout layout
cn.edu.sdu.online.fragments_first.Curriculum:
    cn.edu.sdu.online.http_deal.InformationHttp httputil
    private static java.lang.String mWay
    int offset
cn.edu.sdu.online.fragments_first.Menu:
    int BarHeight
cn.edu.sdu.online.fragments_first.PersonInfo:
    android.widget.TextView nacktextleft
    android.widget.TextView sextextleft
    android.widget.Button sign
    android.widget.Button edit
    int signtimes
    int conti
cn.edu.sdu.online.fragments_first.PersonInfo$signListener:
    int responseCode
    int order
cn.edu.sdu.online.http_deal.InformationHttp:
    static cn.edu.sdu.online.app.Main app
    50:52:public InformationHttp()
cn.edu.sdu.online.service.NotificationService:
    int hour
    int minute
    int second
cn.edu.sdu.online.utils.DateUtil:
    59:59:public int getYear()
cn.edu.sdu.online.utils.DefineUtil:
    public static final int IMAGE_REQUEST_CODE
    public static final int CAMERA_REQUEST_CODE
    public static final int RESULT_REQUEST_CODE
    public static final int RESULT_CANCELED
    public static final java.lang.String IMAGE_FILE_NAME
    public static final int IMAGEVIEW_HEIGHT
    public static final int IMAGEVIEW_WIDTH
    public static final java.lang.String PATH
cn.edu.sdu.online.utils.SignUtils:
    32:33:public void setRank(java.lang.String)
cn.edu.sdu.online.view.LockPatternView:
    private static final int ASPECT_SQUARE
    private static final int ASPECT_LOCK_WIDTH
    private static final int ASPECT_LOCK_HEIGHT
    public static final int MIN_LOCK_PATTERN_SIZE
    private static final boolean PROFILE_DRAWING
    private static final int MILLIS_PER_CIRCLE_ANIMATING
    private static final float DRAG_THRESHHOLD
    302:302:public boolean isInStealthMode()
    309:309:public boolean isTactileFeedbackEnabled()
...
com.lidroid.xutils.bitmap.core.BitmapCache$MemoryCacheKey
com.lidroid.xutils.bitmap.core.BitmapDecoder
com.lidroid.xutils.bitmap.core.BitmapSize
com.lidroid.xutils.bitmap.download.DefaultDownloader
com.lidroid.xutils.bitmap.download.Downloader
com.lidroid.xutils.db.annotation.Check
com.lidroid.xutils.db.annotation.Column
com.lidroid.xutils.db.annotation.Finder
com.lidroid.xutils.db.annotation.Foreign
com.lidroid.xutils.db.annotation.Id
com.lidroid.xutils.db.annotation.NoAutoIncrement
com.lidroid.xutils.db.annotation.NotNull
com.lidroid.xutils.db.annotation.Table
com.lidroid.xutils.db.annotation.Transient
com.lidroid.xutils.db.annotation.Unique
com.lidroid.xutils.db.converter.BooleanColumnConverter
com.lidroid.xutils.db.converter.ByteArrayColumnConverter
com.lidroid.xutils.db.converter.ByteColumnConverter
com.lidroid.xutils.db.converter.CharColumnConverter
com.lidroid.xutils.db.converter.ColumnConverter
com.lidroid.xutils.db.converter.ColumnConverterFactory
com.lidroid.xutils.db.converter.DateColumnConverter
com.lidroid.xutils.db.converter.DoubleColumnConverter
com.lidroid.xutils.db.converter.FloatColumnConverter
com.lidroid.xutils.db.converter.IntegerColumnConverter
com.lidroid.xutils.db.converter.LongColumnConverter
com.lidroid.xutils.db.converter.ShortColumnConverter
com.lidroid.xutils.db.converter.SqlDateColumnConverter
com.lidroid.xutils.db.converter.StringColumnConverter
com.lidroid.xutils.db.sqlite.ColumnDbType
com.lidroid.xutils.db.sqlite.CursorUtils
com.lidroid.xutils.db.sqlite.CursorUtils$EntityTempCache
com.lidroid.xutils.db.sqlite.CursorUtils$FindCacheSequence
com.lidroid.xutils.db.sqlite.DbModelSelector
com.lidroid.xutils.db.sqlite.FinderLazyLoader
com.lidroid.xutils.db.sqlite.ForeignLazyLoader
com.lidroid.xutils.db.sqlite.Selector
com.lidroid.xutils.db.sqlite.Selector$OrderBy
com.lidroid.xutils.db.sqlite.SqlInfo
com.lidroid.xutils.db.sqlite.SqlInfoBuilder
com.lidroid.xutils.db.sqlite.WhereBuilder
com.lidroid.xutils.db.table.Column
com.lidroid.xutils.db.table.ColumnUtils
com.lidroid.xutils.db.table.DbModel
com.lidroid.xutils.db.table.Finder
com.lidroid.xutils.db.table.Foreign
com.lidroid.xutils.db.table.Id
com.lidroid.xutils.db.table.KeyValue
com.lidroid.xutils.db.table.Table
com.lidroid.xutils.db.table.TableUtils
com.lidroid.xutils.exception.BaseException:
    private static final long serialVersionUID
    34:35:public BaseException(java.lang.String,java.lang.Throwable)
com.lidroid.xutils.exception.DbException
com.lidroid.xutils.exception.HttpException:
    private static final long serialVersionUID
    31:32:public HttpException(java.lang.String,java.lang.Throwable)
    41:43:public HttpException(int)
    60:62:public HttpException(int,java.lang.String,java.lang.Throwable)
    69:71:public HttpException(int,java.lang.Throwable)
    77:77:public int getExceptionCode()
com.lidroid.xutils.http.HttpCache:
    private static final int DEFAULT_CACHE_SIZE
    private static final long DEFAULT_EXPIRY_TIME
    65:66:public void setCacheSize(int)
    69:70:public static void setDefaultExpiryTime(long)
    77:78:public void put(java.lang.String,java.lang.String)
    91:92:public void clear()
    95:98:public boolean isEnabled(com.lidroid.xutils.http.client.HttpRequest$HttpMethod)
    109:110:public void setEnabled(com.lidroid.xutils.http.client.HttpRequest$HttpMethod,boolean)
com.lidroid.xutils.http.HttpHandler:
    private static final int UPDATE_START
    private static final int UPDATE_LOADING
    private static final int UPDATE_FAILURE
    private static final int UPDATE_SUCCESS
    80:80:public com.lidroid.xutils.http.HttpHandler$State getState()
    90:91:public void setRequestCallBack(com.lidroid.xutils.http.callback.RequestCallBack)
    94:94:public com.lidroid.xutils.http.callback.RequestCallBack getRequestCallBack()
    274:292:public void stop()
    295:295:public boolean isStopped()